TN:
SF:/Users/kellyandrews/Apps/syncano-doc-js/node_modules/syncano/src/baseClass.js
FN:13,(anonymous_1)
FN:33,(anonymous_2)
FN:37,(anonymous_3)
FN:55,(anonymous_4)
FN:59,(anonymous_5)
FN:71,(anonymous_6)
FN:75,(anonymous_7)
FN:95,(anonymous_8)
FN:100,(anonymous_9)
FN:122,(anonymous_10)
FN:127,(anonymous_11)
FN:150,(anonymous_12)
FN:151,(anonymous_13)
FN:152,(anonymous_14)
FN:172,(anonymous_15)
FN:180,(anonymous_16)
FN:188,(anonymous_17)
FN:219,(anonymous_18)
FNF:18
FNH:5
FNDA:6,(anonymous_1)
FNDA:3,(anonymous_2)
FNDA:0,(anonymous_3)
FNDA:6,(anonymous_4)
FNDA:0,(anonymous_5)
FNDA:0,(anonymous_6)
FNDA:0,(anonymous_7)
FNDA:3,(anonymous_8)
FNDA:0,(anonymous_9)
FNDA:3,(anonymous_10)
FNDA:0,(anonymous_11)
FNDA:0,(anonymous_12)
FNDA:0,(anonymous_13)
FNDA:0,(anonymous_14)
FNDA:0,(anonymous_15)
FNDA:0,(anonymous_16)
FNDA:0,(anonymous_17)
FNDA:0,(anonymous_18)
DA:8,1
DA:9,1
DA:10,1
DA:11,1
DA:13,1
DA:15,6
DA:16,0
DA:19,6
DA:21,6
DA:31,6
DA:33,6
DA:35,3
DA:37,3
DA:39,0
DA:40,0
DA:41,0
DA:42,0
DA:45,0
DA:46,0
DA:47,0
DA:48,0
DA:50,0
DA:55,6
DA:57,6
DA:59,6
DA:60,0
DA:62,0
DA:63,0
DA:64,0
DA:66,0
DA:71,6
DA:73,0
DA:75,0
DA:76,0
DA:78,0
DA:79,0
DA:80,0
DA:81,0
DA:84,0
DA:86,0
DA:87,0
DA:88,0
DA:90,0
DA:95,6
DA:97,3
DA:98,3
DA:100,3
DA:102,0
DA:104,0
DA:105,0
DA:106,0
DA:107,0
DA:110,0
DA:111,0
DA:112,0
DA:113,0
DA:114,0
DA:116,0
DA:122,6
DA:124,3
DA:125,3
DA:127,3
DA:128,0
DA:130,0
DA:132,0
DA:133,0
DA:134,0
DA:135,0
DA:138,0
DA:139,0
DA:140,0
DA:141,0
DA:142,0
DA:144,0
DA:150,6
DA:151,0
DA:152,0
DA:153,0
DA:155,0
DA:156,0
DA:157,0
DA:158,0
DA:161,0
DA:167,6
DA:172,1
DA:173,0
DA:174,0
DA:177,0
DA:180,1
DA:181,0
DA:182,0
DA:185,0
DA:188,1
DA:189,0
DA:191,0
DA:192,0
DA:193,0
DA:196,0
DA:197,0
DA:202,0
DA:203,0
DA:206,0
DA:207,0
DA:208,0
DA:209,0
DA:212,0
DA:213,0
DA:216,0
DA:219,1
DA:220,0
DA:221,0
DA:222,0
DA:223,0
DA:226,1
LF:114
LH:31
BRDA:15,1,0,0
BRDA:15,1,1,6
BRDA:35,2,0,0
BRDA:35,2,1,3
BRDA:35,3,0,3
BRDA:35,3,1,0
BRDA:39,4,0,0
BRDA:39,4,1,0
BRDA:47,5,0,0
BRDA:47,5,1,0
BRDA:57,6,0,0
BRDA:57,6,1,6
BRDA:57,7,0,6
BRDA:57,7,1,0
BRDA:63,8,0,0
BRDA:63,8,1,0
BRDA:73,9,0,0
BRDA:73,9,1,0
BRDA:73,10,0,0
BRDA:73,10,1,0
BRDA:78,11,0,0
BRDA:78,11,1,0
BRDA:87,12,0,0
BRDA:87,12,1,0
BRDA:97,13,0,0
BRDA:97,13,1,3
BRDA:97,14,0,3
BRDA:97,14,1,0
BRDA:98,15,0,0
BRDA:98,15,1,3
BRDA:98,16,0,3
BRDA:98,16,1,0
BRDA:104,17,0,0
BRDA:104,17,1,0
BRDA:113,18,0,0
BRDA:113,18,1,0
BRDA:124,19,0,0
BRDA:124,19,1,3
BRDA:124,20,0,3
BRDA:124,20,1,0
BRDA:125,21,0,0
BRDA:125,21,1,3
BRDA:125,22,0,3
BRDA:125,22,1,0
BRDA:132,23,0,0
BRDA:132,23,1,0
BRDA:141,24,0,0
BRDA:141,24,1,0
BRDA:155,25,0,0
BRDA:155,25,1,0
BRDA:155,26,0,0
BRDA:155,26,1,0
BRDA:156,27,0,0
BRDA:156,27,1,0
BRDA:173,28,0,0
BRDA:173,28,1,0
BRDA:181,29,0,0
BRDA:181,29,1,0
BRDA:181,30,0,0
BRDA:181,30,1,0
BRDA:191,31,0,0
BRDA:191,31,1,0
BRDA:192,32,0,0
BRDA:192,32,1,0
BRDA:196,33,0,0
BRDA:196,33,1,0
BRDA:202,34,0,0
BRDA:202,34,1,0
BRDA:206,35,0,0
BRDA:206,35,1,0
BRDA:208,36,0,0
BRDA:208,36,1,0
BRDA:212,37,0,0
BRDA:212,37,1,0
BRDA:221,38,0,0
BRDA:221,38,1,0
BRDA:222,39,0,0
BRDA:222,39,1,0
BRF:78
BRH:13
end_of_record
TN:
SF:/Users/kellyandrews/Apps/syncano-doc-js/node_modules/syncano/src/objects.js
FN:11,(anonymous_1)
FN:51,(anonymous_2)
FN:64,(anonymous_3)
FN:79,(anonymous_4)
FN:99,(anonymous_5)
FN:120,(anonymous_6)
FN:133,(anonymous_7)
FN:147,(anonymous_8)
FN:178,(anonymous_9)
FN:197,(anonymous_10)
FN:224,(anonymous_11)
FN:244,(anonymous_12)
FN:259,(anonymous_13)
FN:284,(anonymous_14)
FN:286,(anonymous_15)
FN:304,(anonymous_16)
FN:328,(anonymous_17)
FN:329,(anonymous_18)
FNF:18
FNH:6
FNDA:3,(anonymous_1)
FNDA:0,(anonymous_2)
FNDA:0,(anonymous_3)
FNDA:0,(anonymous_4)
FNDA:0,(anonymous_5)
FNDA:0,(anonymous_6)
FNDA:0,(anonymous_7)
FNDA:0,(anonymous_8)
FNDA:0,(anonymous_9)
FNDA:0,(anonymous_10)
FNDA:0,(anonymous_11)
FNDA:0,(anonymous_12)
FNDA:3,(anonymous_13)
FNDA:6,(anonymous_14)
FNDA:0,(anonymous_15)
FNDA:4,(anonymous_16)
FNDA:4,(anonymous_17)
FNDA:4,(anonymous_18)
DA:8,1
DA:9,1
DA:11,1
DA:12,3
DA:16,3
DA:17,3
DA:31,3
DA:35,1
DA:36,1
DA:51,1
DA:52,0
DA:55,0
DA:57,0
DA:61,1
DA:62,1
DA:64,1
DA:65,0
DA:66,0
DA:69,0
DA:70,0
DA:72,0
DA:74,0
DA:79,1
DA:80,0
DA:81,0
DA:84,0
DA:85,0
DA:87,0
DA:89,0
DA:90,0
DA:91,0
DA:93,0
DA:97,1
DA:99,1
DA:100,0
DA:101,0
DA:104,0
DA:105,0
DA:107,0
DA:109,0
DA:110,0
DA:111,0
DA:112,0
DA:114,0
DA:118,1
DA:120,1
DA:121,0
DA:124,0
DA:126,0
DA:130,1
DA:131,1
DA:133,1
DA:134,0
DA:137,0
DA:139,0
DA:143,1
DA:144,1
DA:147,1
DA:148,0
DA:149,0
DA:152,0
DA:153,0
DA:155,0
DA:157,0
DA:158,0
DA:160,0
DA:163,1
DA:178,1
DA:179,0
DA:180,0
DA:183,0
DA:184,0
DA:186,0
DA:188,0
DA:189,0
DA:191,0
DA:195,1
DA:197,1
DA:198,0
DA:199,0
DA:202,0
DA:203,0
DA:204,0
DA:206,0
DA:207,0
DA:209,0
DA:211,0
DA:212,0
DA:213,0
DA:214,0
DA:215,0
DA:216,0
DA:218,0
DA:222,1
DA:224,1
DA:225,0
DA:226,0
DA:229,0
DA:230,0
DA:232,0
DA:234,0
DA:235,0
DA:236,0
DA:238,0
DA:242,1
DA:244,1
DA:246,0
DA:255,0
DA:259,1
DA:260,3
DA:264,3
DA:265,3
DA:267,3
DA:268,3
DA:269,3
DA:270,3
DA:271,3
DA:274,3
DA:278,1
DA:284,1
DA:285,6
DA:286,0
DA:287,0
DA:291,6
DA:292,0
DA:295,6
DA:296,6
DA:297,6
DA:298,6
DA:299,6
DA:301,6
DA:304,1
DA:306,4
DA:307,0
DA:310,4
DA:312,4
DA:314,3
DA:315,1
DA:316,2
DA:317,2
DA:319,0
DA:322,3
DA:324,3
DA:328,1
DA:329,4
DA:330,4
DA:331,1
DA:337,1
DA:338,1
DA:340,1
DA:342,1
DA:343,1
DA:344,1
DA:345,1
DA:346,1
DA:347,1
DA:348,1
DA:350,1
DA:351,1
DA:352,1
LF:160
LH:79
BRDA:65,1,0,0
BRDA:65,1,1,0
BRDA:80,2,0,0
BRDA:80,2,1,0
BRDA:100,3,0,0
BRDA:100,3,1,0
BRDA:148,4,0,0
BRDA:148,4,1,0
BRDA:179,5,0,0
BRDA:179,5,1,0
BRDA:198,6,0,0
BRDA:198,6,1,0
BRDA:225,7,0,0
BRDA:225,7,1,0
BRDA:285,8,0,0
BRDA:285,8,1,6
BRDA:291,9,0,0
BRDA:291,9,1,6
BRDA:306,10,0,0
BRDA:306,10,1,4
BRDA:314,11,0,1
BRDA:314,11,1,2
BRDA:314,12,0,3
BRDA:314,12,1,3
BRDA:316,13,0,2
BRDA:316,13,1,0
BRDA:316,14,0,2
BRDA:316,14,1,2
BRDA:330,15,0,1
BRDA:330,15,1,3
BRDA:330,16,0,4
BRDA:330,16,1,3
BRDA:330,16,2,3
BRF:33
BRH:15
end_of_record
TN:
SF:/Users/kellyandrews/Apps/syncano-doc-js/node_modules/syncano/src/syncano.js
FN:11,(anonymous_1)
FN:27,(anonymous_2)
FNF:2
FNH:1
FNDA:4,(anonymous_1)
FNDA:0,(anonymous_2)
DA:8,1
DA:9,1
DA:11,1
DA:13,4
DA:14,0
DA:17,4
DA:19,3
DA:20,3
DA:22,3
DA:23,3
DA:27,1
DA:28,0
DA:29,0
DA:32,0
DA:34,0
DA:36,0
DA:37,0
DA:38,0
DA:39,0
DA:40,0
DA:41,0
DA:42,0
DA:43,0
DA:44,0
DA:46,0
DA:48,0
DA:52,1
DA:53,1
DA:54,1
DA:55,1
DA:56,1
DA:57,1
DA:58,1
DA:59,1
DA:60,1
LF:35
LH:19
BRDA:13,1,0,0
BRDA:13,1,1,4
BRDA:28,2,0,0
BRDA:28,2,1,0
BRF:4
BRH:1
end_of_record
